<?xml version="1.0" encoding="UTF-8"?>
<!-- Generated by org.testng.reporters.JUnitReportReporter -->
<testsuite hostname="DESKTOP-S6PS9AD" failures="0" tests="8" name="API.testCases.UserTestDataDriver" time="10.393" errors="0" timestamp="2024-02-24T15:16:21 IST" skipped="0">
  <testcase classname="API.testCases.UserTestDataDriver" name="testCreateUser" time="1.341"/>
  <system-out/>
  <testcase classname="API.testCases.UserTestDataDriver" name="testCreateUser" time="1.496"/>
  <system-out/>
  <testcase classname="API.testCases.UserTestDataDriver" name="testCreateUser" time="1.333"/>
  <system-out/>
  <testcase classname="API.testCases.UserTestDataDriver" name="testCreateUser" time="1.185"/>
  <system-out/>
  <testcase classname="API.testCases.UserTestDataDriver" name="testdeleteUser" time="1.206"/>
  <system-out/>
  <testcase classname="API.testCases.UserTestDataDriver" name="testdeleteUser" time="1.245"/>
  <system-out/>
  <testcase classname="API.testCases.UserTestDataDriver" name="testdeleteUser" time="1.377"/>
  <system-out/>
  <testcase classname="API.testCases.UserTestDataDriver" name="testdeleteUser" time="1.210"/>
  <system-out/>
</testsuite> <!-- API.testCases.UserTestDataDriver -->
