<?xml version="1.0" encoding="UTF-8"?>
<!-- Generated by org.testng.reporters.JUnitReportReporter -->
<testsuite hostname="DESKTOP-S6PS9AD" failures="0" tests="12" name="API.testCases.UserTestDD" time="19.912" errors="0" timestamp="2024-02-24T15:16:21 IST" skipped="0">
  <testcase classname="API.testCases.UserTestDD" name="testCreateUser" time="1.386"/>
  <system-out/>
  <testcase classname="API.testCases.UserTestDD" name="testCreateUser" time="1.300"/>
  <system-out/>
  <testcase classname="API.testCases.UserTestDD" name="testCreateUser" time="5.710"/>
  <system-out/>
  <testcase classname="API.testCases.UserTestDD" name="testCreateUser" time="1.248"/>
  <system-out/>
  <testcase classname="API.testCases.UserTestDD" name="testGetUserData" time="1.293"/>
  <system-out/>
  <testcase classname="API.testCases.UserTestDD" name="testGetUserData" time="1.264"/>
  <system-out/>
  <testcase classname="API.testCases.UserTestDD" name="testGetUserData" time="1.342"/>
  <system-out/>
  <testcase classname="API.testCases.UserTestDD" name="testGetUserData" time="1.294"/>
  <system-out/>
  <testcase classname="API.testCases.UserTestDD" name="testDeleteUser" time="1.400"/>
  <system-out/>
  <testcase classname="API.testCases.UserTestDD" name="testDeleteUser" time="1.218"/>
  <system-out/>
  <testcase classname="API.testCases.UserTestDD" name="testDeleteUser" time="1.265"/>
  <system-out/>
  <testcase classname="API.testCases.UserTestDD" name="testDeleteUser" time="1.192"/>
  <system-out/>
</testsuite> <!-- API.testCases.UserTestDD -->
