<?xml version="1.0" encoding="UTF-8"?>
<!-- Generated by org.testng.reporters.JUnitReportReporter -->
<testsuite hostname="DESKTOP-S6PS9AD" failures="0" tests="4" name="API.testCases.UserTest" time="5.110" errors="0" timestamp="2024-02-24T15:16:21 IST" skipped="0">
  <testcase classname="API.testCases.UserTest" name="testCreateUser" time="1.250"/>
  <system-out/>
  <testcase classname="API.testCases.UserTest" name="testGetUser" time="1.277"/>
  <system-out/>
  <testcase classname="API.testCases.UserTest" name="testUpdateUser" time="1.321"/>
  <system-out/>
  <testcase classname="API.testCases.UserTest" name="testdeleteUser" time="1.262"/>
  <system-out/>
</testsuite> <!-- API.testCases.UserTest -->
